  main.cpp
C:\Users\UNA-CC\source\repos\Proyecto2-Anddy-Prendas-Joe-Sandoval\Proyecto2-Anddy-Prendas-Joe-Sandoval\main.cpp(115,67): warning C4244: 'argumento': conversión de 'int' a 'float'; posible pérdida de datos
C:\Users\UNA-CC\source\repos\Proyecto2-Anddy-Prendas-Joe-Sandoval\Proyecto2-Anddy-Prendas-Joe-Sandoval\main.cpp(115,50): warning C4244: 'argumento': conversión de 'int' a 'float'; posible pérdida de datos
C:\Users\UNA-CC\source\repos\Proyecto2-Anddy-Prendas-Joe-Sandoval\Proyecto2-Anddy-Prendas-Joe-Sandoval\main.cpp(133,82): warning C4244: 'argumento': conversión de 'int' a 'T'; posible pérdida de datos
C:\Users\UNA-CC\source\repos\Proyecto2-Anddy-Prendas-Joe-Sandoval\Proyecto2-Anddy-Prendas-Joe-Sandoval\main.cpp(133,82): warning C4244:         with
C:\Users\UNA-CC\source\repos\Proyecto2-Anddy-Prendas-Joe-Sandoval\Proyecto2-Anddy-Prendas-Joe-Sandoval\main.cpp(133,82): warning C4244:         [
C:\Users\UNA-CC\source\repos\Proyecto2-Anddy-Prendas-Joe-Sandoval\Proyecto2-Anddy-Prendas-Joe-Sandoval\main.cpp(133,82): warning C4244:             T=float
C:\Users\UNA-CC\source\repos\Proyecto2-Anddy-Prendas-Joe-Sandoval\Proyecto2-Anddy-Prendas-Joe-Sandoval\main.cpp(133,82): warning C4244:         ]
C:\Users\UNA-CC\source\repos\Proyecto2-Anddy-Prendas-Joe-Sandoval\Proyecto2-Anddy-Prendas-Joe-Sandoval\main.cpp(133,61): warning C4244: 'argumento': conversión de 'int' a 'T'; posible pérdida de datos
C:\Users\UNA-CC\source\repos\Proyecto2-Anddy-Prendas-Joe-Sandoval\Proyecto2-Anddy-Prendas-Joe-Sandoval\main.cpp(133,61): warning C4244:         with
C:\Users\UNA-CC\source\repos\Proyecto2-Anddy-Prendas-Joe-Sandoval\Proyecto2-Anddy-Prendas-Joe-Sandoval\main.cpp(133,61): warning C4244:         [
C:\Users\UNA-CC\source\repos\Proyecto2-Anddy-Prendas-Joe-Sandoval\Proyecto2-Anddy-Prendas-Joe-Sandoval\main.cpp(133,61): warning C4244:             T=float
C:\Users\UNA-CC\source\repos\Proyecto2-Anddy-Prendas-Joe-Sandoval\Proyecto2-Anddy-Prendas-Joe-Sandoval\main.cpp(133,61): warning C4244:         ]
C:\Users\UNA-CC\source\repos\Proyecto2-Anddy-Prendas-Joe-Sandoval\Proyecto2-Anddy-Prendas-Joe-Sandoval\main.cpp(134,104): warning C4244: 'argumento': conversión de 'int' a 'T'; posible pérdida de datos
C:\Users\UNA-CC\source\repos\Proyecto2-Anddy-Prendas-Joe-Sandoval\Proyecto2-Anddy-Prendas-Joe-Sandoval\main.cpp(134,104): warning C4244:         with
C:\Users\UNA-CC\source\repos\Proyecto2-Anddy-Prendas-Joe-Sandoval\Proyecto2-Anddy-Prendas-Joe-Sandoval\main.cpp(134,104): warning C4244:         [
C:\Users\UNA-CC\source\repos\Proyecto2-Anddy-Prendas-Joe-Sandoval\Proyecto2-Anddy-Prendas-Joe-Sandoval\main.cpp(134,104): warning C4244:             T=float
C:\Users\UNA-CC\source\repos\Proyecto2-Anddy-Prendas-Joe-Sandoval\Proyecto2-Anddy-Prendas-Joe-Sandoval\main.cpp(134,104): warning C4244:         ]
C:\Users\UNA-CC\source\repos\Proyecto2-Anddy-Prendas-Joe-Sandoval\Proyecto2-Anddy-Prendas-Joe-Sandoval\main.cpp(134,72): warning C4244: 'argumento': conversión de 'int' a 'T'; posible pérdida de datos
C:\Users\UNA-CC\source\repos\Proyecto2-Anddy-Prendas-Joe-Sandoval\Proyecto2-Anddy-Prendas-Joe-Sandoval\main.cpp(134,72): warning C4244:         with
C:\Users\UNA-CC\source\repos\Proyecto2-Anddy-Prendas-Joe-Sandoval\Proyecto2-Anddy-Prendas-Joe-Sandoval\main.cpp(134,72): warning C4244:         [
C:\Users\UNA-CC\source\repos\Proyecto2-Anddy-Prendas-Joe-Sandoval\Proyecto2-Anddy-Prendas-Joe-Sandoval\main.cpp(134,72): warning C4244:             T=float
C:\Users\UNA-CC\source\repos\Proyecto2-Anddy-Prendas-Joe-Sandoval\Proyecto2-Anddy-Prendas-Joe-Sandoval\main.cpp(134,72): warning C4244:         ]
C:\Users\UNA-CC\source\repos\Proyecto2-Anddy-Prendas-Joe-Sandoval\Proyecto2-Anddy-Prendas-Joe-Sandoval\main.cpp(271,40): warning C4244: 'argumento': conversión de 'int' a 'float'; posible pérdida de datos
C:\Users\UNA-CC\source\repos\Proyecto2-Anddy-Prendas-Joe-Sandoval\Proyecto2-Anddy-Prendas-Joe-Sandoval\main.cpp(419,104): warning C4244: 'argumento': conversión de 'int' a 'T'; posible pérdida de datos
C:\Users\UNA-CC\source\repos\Proyecto2-Anddy-Prendas-Joe-Sandoval\Proyecto2-Anddy-Prendas-Joe-Sandoval\main.cpp(419,104): warning C4244:         with
C:\Users\UNA-CC\source\repos\Proyecto2-Anddy-Prendas-Joe-Sandoval\Proyecto2-Anddy-Prendas-Joe-Sandoval\main.cpp(419,104): warning C4244:         [
C:\Users\UNA-CC\source\repos\Proyecto2-Anddy-Prendas-Joe-Sandoval\Proyecto2-Anddy-Prendas-Joe-Sandoval\main.cpp(419,104): warning C4244:             T=float
C:\Users\UNA-CC\source\repos\Proyecto2-Anddy-Prendas-Joe-Sandoval\Proyecto2-Anddy-Prendas-Joe-Sandoval\main.cpp(419,104): warning C4244:         ]
C:\Users\UNA-CC\source\repos\Proyecto2-Anddy-Prendas-Joe-Sandoval\Proyecto2-Anddy-Prendas-Joe-Sandoval\main.cpp(419,83): warning C4244: 'argumento': conversión de 'int' a 'T'; posible pérdida de datos
C:\Users\UNA-CC\source\repos\Proyecto2-Anddy-Prendas-Joe-Sandoval\Proyecto2-Anddy-Prendas-Joe-Sandoval\main.cpp(419,83): warning C4244:         with
C:\Users\UNA-CC\source\repos\Proyecto2-Anddy-Prendas-Joe-Sandoval\Proyecto2-Anddy-Prendas-Joe-Sandoval\main.cpp(419,83): warning C4244:         [
C:\Users\UNA-CC\source\repos\Proyecto2-Anddy-Prendas-Joe-Sandoval\Proyecto2-Anddy-Prendas-Joe-Sandoval\main.cpp(419,83): warning C4244:             T=float
C:\Users\UNA-CC\source\repos\Proyecto2-Anddy-Prendas-Joe-Sandoval\Proyecto2-Anddy-Prendas-Joe-Sandoval\main.cpp(419,83): warning C4244:         ]
C:\Users\UNA-CC\source\repos\Proyecto2-Anddy-Prendas-Joe-Sandoval\Proyecto2-Anddy-Prendas-Joe-Sandoval\main.cpp(426,106): warning C4244: 'argumento': conversión de 'int' a 'T'; posible pérdida de datos
C:\Users\UNA-CC\source\repos\Proyecto2-Anddy-Prendas-Joe-Sandoval\Proyecto2-Anddy-Prendas-Joe-Sandoval\main.cpp(426,106): warning C4244:         with
C:\Users\UNA-CC\source\repos\Proyecto2-Anddy-Prendas-Joe-Sandoval\Proyecto2-Anddy-Prendas-Joe-Sandoval\main.cpp(426,106): warning C4244:         [
C:\Users\UNA-CC\source\repos\Proyecto2-Anddy-Prendas-Joe-Sandoval\Proyecto2-Anddy-Prendas-Joe-Sandoval\main.cpp(426,106): warning C4244:             T=float
C:\Users\UNA-CC\source\repos\Proyecto2-Anddy-Prendas-Joe-Sandoval\Proyecto2-Anddy-Prendas-Joe-Sandoval\main.cpp(426,106): warning C4244:         ]
C:\Users\UNA-CC\source\repos\Proyecto2-Anddy-Prendas-Joe-Sandoval\Proyecto2-Anddy-Prendas-Joe-Sandoval\main.cpp(426,85): warning C4244: 'argumento': conversión de 'int' a 'T'; posible pérdida de datos
C:\Users\UNA-CC\source\repos\Proyecto2-Anddy-Prendas-Joe-Sandoval\Proyecto2-Anddy-Prendas-Joe-Sandoval\main.cpp(426,85): warning C4244:         with
C:\Users\UNA-CC\source\repos\Proyecto2-Anddy-Prendas-Joe-Sandoval\Proyecto2-Anddy-Prendas-Joe-Sandoval\main.cpp(426,85): warning C4244:         [
C:\Users\UNA-CC\source\repos\Proyecto2-Anddy-Prendas-Joe-Sandoval\Proyecto2-Anddy-Prendas-Joe-Sandoval\main.cpp(426,85): warning C4244:             T=float
C:\Users\UNA-CC\source\repos\Proyecto2-Anddy-Prendas-Joe-Sandoval\Proyecto2-Anddy-Prendas-Joe-Sandoval\main.cpp(426,85): warning C4244:         ]
C:\Users\UNA-CC\source\repos\Proyecto2-Anddy-Prendas-Joe-Sandoval\Proyecto2-Anddy-Prendas-Joe-Sandoval\main.cpp(434,108): warning C4244: 'argumento': conversión de 'int' a 'T'; posible pérdida de datos
C:\Users\UNA-CC\source\repos\Proyecto2-Anddy-Prendas-Joe-Sandoval\Proyecto2-Anddy-Prendas-Joe-Sandoval\main.cpp(434,108): warning C4244:         with
C:\Users\UNA-CC\source\repos\Proyecto2-Anddy-Prendas-Joe-Sandoval\Proyecto2-Anddy-Prendas-Joe-Sandoval\main.cpp(434,108): warning C4244:         [
C:\Users\UNA-CC\source\repos\Proyecto2-Anddy-Prendas-Joe-Sandoval\Proyecto2-Anddy-Prendas-Joe-Sandoval\main.cpp(434,108): warning C4244:             T=float
C:\Users\UNA-CC\source\repos\Proyecto2-Anddy-Prendas-Joe-Sandoval\Proyecto2-Anddy-Prendas-Joe-Sandoval\main.cpp(434,108): warning C4244:         ]
C:\Users\UNA-CC\source\repos\Proyecto2-Anddy-Prendas-Joe-Sandoval\Proyecto2-Anddy-Prendas-Joe-Sandoval\main.cpp(434,87): warning C4244: 'argumento': conversión de 'int' a 'T'; posible pérdida de datos
C:\Users\UNA-CC\source\repos\Proyecto2-Anddy-Prendas-Joe-Sandoval\Proyecto2-Anddy-Prendas-Joe-Sandoval\main.cpp(434,87): warning C4244:         with
C:\Users\UNA-CC\source\repos\Proyecto2-Anddy-Prendas-Joe-Sandoval\Proyecto2-Anddy-Prendas-Joe-Sandoval\main.cpp(434,87): warning C4244:         [
C:\Users\UNA-CC\source\repos\Proyecto2-Anddy-Prendas-Joe-Sandoval\Proyecto2-Anddy-Prendas-Joe-Sandoval\main.cpp(434,87): warning C4244:             T=float
C:\Users\UNA-CC\source\repos\Proyecto2-Anddy-Prendas-Joe-Sandoval\Proyecto2-Anddy-Prendas-Joe-Sandoval\main.cpp(434,87): warning C4244:         ]
C:\Users\UNA-CC\source\repos\Proyecto2-Anddy-Prendas-Joe-Sandoval\Proyecto2-Anddy-Prendas-Joe-Sandoval\main.cpp(440,102): warning C4244: 'argumento': conversión de 'int' a 'T'; posible pérdida de datos
C:\Users\UNA-CC\source\repos\Proyecto2-Anddy-Prendas-Joe-Sandoval\Proyecto2-Anddy-Prendas-Joe-Sandoval\main.cpp(440,102): warning C4244:         with
C:\Users\UNA-CC\source\repos\Proyecto2-Anddy-Prendas-Joe-Sandoval\Proyecto2-Anddy-Prendas-Joe-Sandoval\main.cpp(440,102): warning C4244:         [
C:\Users\UNA-CC\source\repos\Proyecto2-Anddy-Prendas-Joe-Sandoval\Proyecto2-Anddy-Prendas-Joe-Sandoval\main.cpp(440,102): warning C4244:             T=float
C:\Users\UNA-CC\source\repos\Proyecto2-Anddy-Prendas-Joe-Sandoval\Proyecto2-Anddy-Prendas-Joe-Sandoval\main.cpp(440,102): warning C4244:         ]
C:\Users\UNA-CC\source\repos\Proyecto2-Anddy-Prendas-Joe-Sandoval\Proyecto2-Anddy-Prendas-Joe-Sandoval\main.cpp(440,81): warning C4244: 'argumento': conversión de 'int' a 'T'; posible pérdida de datos
C:\Users\UNA-CC\source\repos\Proyecto2-Anddy-Prendas-Joe-Sandoval\Proyecto2-Anddy-Prendas-Joe-Sandoval\main.cpp(440,81): warning C4244:         with
C:\Users\UNA-CC\source\repos\Proyecto2-Anddy-Prendas-Joe-Sandoval\Proyecto2-Anddy-Prendas-Joe-Sandoval\main.cpp(440,81): warning C4244:         [
C:\Users\UNA-CC\source\repos\Proyecto2-Anddy-Prendas-Joe-Sandoval\Proyecto2-Anddy-Prendas-Joe-Sandoval\main.cpp(440,81): warning C4244:             T=float
C:\Users\UNA-CC\source\repos\Proyecto2-Anddy-Prendas-Joe-Sandoval\Proyecto2-Anddy-Prendas-Joe-Sandoval\main.cpp(440,81): warning C4244:         ]
C:\Users\UNA-CC\source\repos\Proyecto2-Anddy-Prendas-Joe-Sandoval\Proyecto2-Anddy-Prendas-Joe-Sandoval\main.cpp(443,100): warning C4244: 'argumento': conversión de 'int' a 'T'; posible pérdida de datos
C:\Users\UNA-CC\source\repos\Proyecto2-Anddy-Prendas-Joe-Sandoval\Proyecto2-Anddy-Prendas-Joe-Sandoval\main.cpp(443,100): warning C4244:         with
C:\Users\UNA-CC\source\repos\Proyecto2-Anddy-Prendas-Joe-Sandoval\Proyecto2-Anddy-Prendas-Joe-Sandoval\main.cpp(443,100): warning C4244:         [
C:\Users\UNA-CC\source\repos\Proyecto2-Anddy-Prendas-Joe-Sandoval\Proyecto2-Anddy-Prendas-Joe-Sandoval\main.cpp(443,100): warning C4244:             T=float
C:\Users\UNA-CC\source\repos\Proyecto2-Anddy-Prendas-Joe-Sandoval\Proyecto2-Anddy-Prendas-Joe-Sandoval\main.cpp(443,100): warning C4244:         ]
C:\Users\UNA-CC\source\repos\Proyecto2-Anddy-Prendas-Joe-Sandoval\Proyecto2-Anddy-Prendas-Joe-Sandoval\main.cpp(443,79): warning C4244: 'argumento': conversión de 'int' a 'T'; posible pérdida de datos
C:\Users\UNA-CC\source\repos\Proyecto2-Anddy-Prendas-Joe-Sandoval\Proyecto2-Anddy-Prendas-Joe-Sandoval\main.cpp(443,79): warning C4244:         with
C:\Users\UNA-CC\source\repos\Proyecto2-Anddy-Prendas-Joe-Sandoval\Proyecto2-Anddy-Prendas-Joe-Sandoval\main.cpp(443,79): warning C4244:         [
C:\Users\UNA-CC\source\repos\Proyecto2-Anddy-Prendas-Joe-Sandoval\Proyecto2-Anddy-Prendas-Joe-Sandoval\main.cpp(443,79): warning C4244:             T=float
C:\Users\UNA-CC\source\repos\Proyecto2-Anddy-Prendas-Joe-Sandoval\Proyecto2-Anddy-Prendas-Joe-Sandoval\main.cpp(443,79): warning C4244:         ]
C:\Users\UNA-CC\source\repos\Proyecto2-Anddy-Prendas-Joe-Sandoval\Proyecto2-Anddy-Prendas-Joe-Sandoval\main.cpp(446,101): warning C4244: 'argumento': conversión de 'int' a 'T'; posible pérdida de datos
C:\Users\UNA-CC\source\repos\Proyecto2-Anddy-Prendas-Joe-Sandoval\Proyecto2-Anddy-Prendas-Joe-Sandoval\main.cpp(446,101): warning C4244:         with
C:\Users\UNA-CC\source\repos\Proyecto2-Anddy-Prendas-Joe-Sandoval\Proyecto2-Anddy-Prendas-Joe-Sandoval\main.cpp(446,101): warning C4244:         [
C:\Users\UNA-CC\source\repos\Proyecto2-Anddy-Prendas-Joe-Sandoval\Proyecto2-Anddy-Prendas-Joe-Sandoval\main.cpp(446,101): warning C4244:             T=float
C:\Users\UNA-CC\source\repos\Proyecto2-Anddy-Prendas-Joe-Sandoval\Proyecto2-Anddy-Prendas-Joe-Sandoval\main.cpp(446,101): warning C4244:         ]
C:\Users\UNA-CC\source\repos\Proyecto2-Anddy-Prendas-Joe-Sandoval\Proyecto2-Anddy-Prendas-Joe-Sandoval\main.cpp(446,80): warning C4244: 'argumento': conversión de 'int' a 'T'; posible pérdida de datos
C:\Users\UNA-CC\source\repos\Proyecto2-Anddy-Prendas-Joe-Sandoval\Proyecto2-Anddy-Prendas-Joe-Sandoval\main.cpp(446,80): warning C4244:         with
C:\Users\UNA-CC\source\repos\Proyecto2-Anddy-Prendas-Joe-Sandoval\Proyecto2-Anddy-Prendas-Joe-Sandoval\main.cpp(446,80): warning C4244:         [
C:\Users\UNA-CC\source\repos\Proyecto2-Anddy-Prendas-Joe-Sandoval\Proyecto2-Anddy-Prendas-Joe-Sandoval\main.cpp(446,80): warning C4244:             T=float
C:\Users\UNA-CC\source\repos\Proyecto2-Anddy-Prendas-Joe-Sandoval\Proyecto2-Anddy-Prendas-Joe-Sandoval\main.cpp(446,80): warning C4244:         ]
C:\Users\UNA-CC\source\repos\Proyecto2-Anddy-Prendas-Joe-Sandoval\Proyecto2-Anddy-Prendas-Joe-Sandoval\main.cpp(449,102): warning C4244: 'argumento': conversión de 'int' a 'T'; posible pérdida de datos
C:\Users\UNA-CC\source\repos\Proyecto2-Anddy-Prendas-Joe-Sandoval\Proyecto2-Anddy-Prendas-Joe-Sandoval\main.cpp(449,102): warning C4244:         with
C:\Users\UNA-CC\source\repos\Proyecto2-Anddy-Prendas-Joe-Sandoval\Proyecto2-Anddy-Prendas-Joe-Sandoval\main.cpp(449,102): warning C4244:         [
C:\Users\UNA-CC\source\repos\Proyecto2-Anddy-Prendas-Joe-Sandoval\Proyecto2-Anddy-Prendas-Joe-Sandoval\main.cpp(449,102): warning C4244:             T=float
C:\Users\UNA-CC\source\repos\Proyecto2-Anddy-Prendas-Joe-Sandoval\Proyecto2-Anddy-Prendas-Joe-Sandoval\main.cpp(449,102): warning C4244:         ]
C:\Users\UNA-CC\source\repos\Proyecto2-Anddy-Prendas-Joe-Sandoval\Proyecto2-Anddy-Prendas-Joe-Sandoval\main.cpp(449,81): warning C4244: 'argumento': conversión de 'int' a 'T'; posible pérdida de datos
C:\Users\UNA-CC\source\repos\Proyecto2-Anddy-Prendas-Joe-Sandoval\Proyecto2-Anddy-Prendas-Joe-Sandoval\main.cpp(449,81): warning C4244:         with
C:\Users\UNA-CC\source\repos\Proyecto2-Anddy-Prendas-Joe-Sandoval\Proyecto2-Anddy-Prendas-Joe-Sandoval\main.cpp(449,81): warning C4244:         [
C:\Users\UNA-CC\source\repos\Proyecto2-Anddy-Prendas-Joe-Sandoval\Proyecto2-Anddy-Prendas-Joe-Sandoval\main.cpp(449,81): warning C4244:             T=float
C:\Users\UNA-CC\source\repos\Proyecto2-Anddy-Prendas-Joe-Sandoval\Proyecto2-Anddy-Prendas-Joe-Sandoval\main.cpp(449,81): warning C4244:         ]
C:\Users\UNA-CC\source\repos\Proyecto2-Anddy-Prendas-Joe-Sandoval\Proyecto2-Anddy-Prendas-Joe-Sandoval\main.cpp(296,1): warning C4715: 'RouteList::getRoute': no todas las rutas de acceso de control devuelven un valor
  PruebaSFML.vcxproj -> C:\Users\UNA-CC\source\repos\Proyecto2-Anddy-Prendas-Joe-Sandoval\x64\Debug\PruebaSFML.exe
